<?xml version="1.0" encoding="UTF-8"?>
<testng-results skipped="0" failed="3" total="4" passed="1">
  <reporter-output>
    <line>
      <![CDATA[Step - 1- Perform LaunchURL Action]]>
    </line>
    <line>
      <![CDATA[Step - 2- verify SignInPage screen]]>
    </line>
    <line>
      <![CDATA[Step - 3- Fill SigninPage form SignInPage screen]]>
    </line>
    <line>
      <![CDATA[Step - 4- click SignIn button SignInPage screen]]>
    </line>
    <line>
      <![CDATA[Step - 5- verify HomePage screen]]>
    </line>
    <line>
      <![CDATA[Step - 6- click Navigator hyperlink HomePage screen]]>
    </line>
    <line>
      <![CDATA[Step - 7- click Contracts hyperlink HomePage screen]]>
    </line>
    <line>
      <![CDATA[Step - 8- verify Contracts screen]]>
    </line>
    <line>
      <![CDATA[Step - 9- click TasksContract button Contracts screen]]>
    </line>
    <line>
      <![CDATA[Step - 10- click  ManageContracts hyperlink TasksContracts popup]]>
    </line>
    <line>
      <![CDATA[Step - 11- verify Contracts screen]]>
    </line>
    <line>
      <![CDATA[Step - 12- Fill AdvancedSearch form Contracts screen]]>
    </line>
    <line>
      <![CDATA[Step - 13- click Search button Contracts screen]]>
    </line>
    <line>
      <![CDATA[Step - 14- click SelectRowSearchResults button Contracts screen]]>
    </line>
    <line>
      <![CDATA[Step - 15- click SearchResultsNumberLink hyperlink Contracts screen]]>
    </line>
    <line>
      <![CDATA[Step - 16- verify EditContract xxxSelected screen]]>
    </line>
    <line>
      <![CDATA[Step - 17- click Billing hyperlink EditContract xxxSelected screen]]>
    </line>
    <line>
      <![CDATA[Step - 18- verify EditContractsBilling screen]]>
    </line>
    <line>
      <![CDATA[Step - 19- click BillPlansT M BP hyperlink EditContractsBilling screen Billing form]]>
    </line>
    <line>
      <![CDATA[Step - 20- verify EditContracts EditBillPlan screen]]>
    </line>
    <line>
      <![CDATA[Step - 21- click SchedulesandOverrides hyperlink EditContracts EditBillPlan screen]]>
    </line>
    <line>
      <![CDATA[Step - 22- click ExpandPersonRateTable button EditContracts EditBillPlan screen SchedulesandOverrides form]]>
    </line>
    <line>
      <![CDATA[Step - 23- click PRAddBtn button EditContracts EditBillPlan screen SchedulesandOverrides form]]>
    </line>
    <line>
      <![CDATA[Step - 24- Fill SchedulesandOverrides form EditContracts EditBillPlan screen]]>
    </line>
    <line>
      <![CDATA[Step - 25- click Save button EditContracts EditBillPlan screen]]>
    </line>
    <line>
      <![CDATA[Step - 1- Perform LaunchURL Action]]>
    </line>
    <line>
      <![CDATA[Step - 1- Perform LaunchURL Action]]>
    </line>
    <line>
      <![CDATA[Step - 1- Perform LaunchURL Action]]>
    </line>
  </reporter-output>
  <suite name="Default suite" duration-ms="88657" started-at="2021-07-01T11:07:03Z" finished-at="2021-07-01T11:08:32Z">
    <groups>
    </groups>
    <test name="Default test" duration-ms="88657" started-at="2021-07-01T11:07:03Z" finished-at="2021-07-01T11:08:32Z">
      <class name="testsuite.Node_Activity__UpdateContractRateDetails">
        <test-method status="PASS" signature="getDeviceDriver()[pri:0, instance:testsuite.Node_Activity__UpdateContractRateDetails@1b083826]" name="getDeviceDriver" is-config="true" duration-ms="2477" started-at="2021-07-01T16:37:03Z" finished-at="2021-07-01T16:37:05Z">
          <reporter-output>
          </reporter-output>
        </test-method> <!-- getDeviceDriver -->
        <test-method status="PASS" signature="test(java.lang.String, java.lang.String, java.lang.String, java.lang.String, java.lang.String, java.lang.String, java.lang.String, java.lang.String, java.lang.String, java.lang.String, java.lang.String, java.lang.String, java.lang.String)[pri:0, instance:testsuite.Node_Activity__UpdateContractRateDetails@1b083826]" name="test" duration-ms="84576" started-at="2021-07-01T16:37:07Z" data-provider="TestData" finished-at="2021-07-01T16:38:31Z">
          <params>
            <param index="0">
              <value>
                <![CDATA[https://ekwm-dev1.login.us6.oraclecloud.com]]>
              </value>
            </param>
            <param index="1">
              <value>
                <![CDATA[jselvaraj]]>
              </value>
            </param>
            <param index="2">
              <value>
                <![CDATA[Oracle$2021]]>
              </value>
            </param>
            <param index="3">
              <value>
                <![CDATA[538101]]>
              </value>
            </param>
            <param index="4">
              <value>
                <![CDATA[5/20/20]]>
              </value>
            </param>
            <param index="5">
              <value>
                <![CDATA[For Your Approve]]>
              </value>
            </param>
            <param index="6">
              <value>
                <![CDATA[538101]]>
              </value>
            </param>
            <param index="7">
              <value>
                <![CDATA[05/05/20]]>
              </value>
            </param>
            <param index="8">
              <value>
                <![CDATA[TEST, CRP]]>
              </value>
            </param>
            <param index="9">
              <value>
                <![CDATA[INR]]>
              </value>
            </param>
            <param index="10">
              <value>
                <![CDATA[10]]>
              </value>
            </param>
            <param index="11">
              <value>
                <![CDATA[1/1/20]]>
              </value>
            </param>
            <param index="12">
              <value>
                <![CDATA[1]]>
              </value>
            </param>
          </params>
          <reporter-output>
            <line>
              <![CDATA[Step - 1- Perform LaunchURL Action]]>
            </line>
            <line>
              <![CDATA[Step - 2- verify SignInPage screen]]>
            </line>
            <line>
              <![CDATA[Step - 3- Fill SigninPage form SignInPage screen]]>
            </line>
            <line>
              <![CDATA[Step - 4- click SignIn button SignInPage screen]]>
            </line>
            <line>
              <![CDATA[Step - 5- verify HomePage screen]]>
            </line>
            <line>
              <![CDATA[Step - 6- click Navigator hyperlink HomePage screen]]>
            </line>
            <line>
              <![CDATA[Step - 7- click Contracts hyperlink HomePage screen]]>
            </line>
            <line>
              <![CDATA[Step - 8- verify Contracts screen]]>
            </line>
            <line>
              <![CDATA[Step - 9- click TasksContract button Contracts screen]]>
            </line>
            <line>
              <![CDATA[Step - 10- click  ManageContracts hyperlink TasksContracts popup]]>
            </line>
            <line>
              <![CDATA[Step - 11- verify Contracts screen]]>
            </line>
            <line>
              <![CDATA[Step - 12- Fill AdvancedSearch form Contracts screen]]>
            </line>
            <line>
              <![CDATA[Step - 13- click Search button Contracts screen]]>
            </line>
            <line>
              <![CDATA[Step - 14- click SelectRowSearchResults button Contracts screen]]>
            </line>
            <line>
              <![CDATA[Step - 15- click SearchResultsNumberLink hyperlink Contracts screen]]>
            </line>
            <line>
              <![CDATA[Step - 16- verify EditContract xxxSelected screen]]>
            </line>
            <line>
              <![CDATA[Step - 17- click Billing hyperlink EditContract xxxSelected screen]]>
            </line>
            <line>
              <![CDATA[Step - 18- verify EditContractsBilling screen]]>
            </line>
            <line>
              <![CDATA[Step - 19- click BillPlansT M BP hyperlink EditContractsBilling screen Billing form]]>
            </line>
            <line>
              <![CDATA[Step - 20- verify EditContracts EditBillPlan screen]]>
            </line>
            <line>
              <![CDATA[Step - 21- click SchedulesandOverrides hyperlink EditContracts EditBillPlan screen]]>
            </line>
            <line>
              <![CDATA[Step - 22- click ExpandPersonRateTable button EditContracts EditBillPlan screen SchedulesandOverrides form]]>
            </line>
            <line>
              <![CDATA[Step - 23- click PRAddBtn button EditContracts EditBillPlan screen SchedulesandOverrides form]]>
            </line>
            <line>
              <![CDATA[Step - 24- Fill SchedulesandOverrides form EditContracts EditBillPlan screen]]>
            </line>
            <line>
              <![CDATA[Step - 25- click Save button EditContracts EditBillPlan screen]]>
            </line>
          </reporter-output>
        </test-method> <!-- test -->
        <test-method status="FAIL" signature="test(java.lang.String, java.lang.String, java.lang.String, java.lang.String, java.lang.String, java.lang.String, java.lang.String, java.lang.String, java.lang.String, java.lang.String, java.lang.String, java.lang.String, java.lang.String)[pri:0, instance:testsuite.Node_Activity__UpdateContractRateDetails@1b083826]" name="test" duration-ms="40" started-at="2021-07-01T16:38:31Z" data-provider="TestData" finished-at="2021-07-01T16:38:32Z">
          <params>
            <param index="0">
              <value>
                <![CDATA[]]>
              </value>
            </param>
            <param index="1">
              <value>
                <![CDATA[]]>
              </value>
            </param>
            <param index="2">
              <value>
                <![CDATA[]]>
              </value>
            </param>
            <param index="3">
              <value>
                <![CDATA[]]>
              </value>
            </param>
            <param index="4">
              <value>
                <![CDATA[]]>
              </value>
            </param>
            <param index="5">
              <value>
                <![CDATA[]]>
              </value>
            </param>
            <param index="6">
              <value>
                <![CDATA[]]>
              </value>
            </param>
            <param index="7">
              <value>
                <![CDATA[]]>
              </value>
            </param>
            <param index="8">
              <value>
                <![CDATA[]]>
              </value>
            </param>
            <param index="9">
              <value>
                <![CDATA[]]>
              </value>
            </param>
            <param index="10">
              <value>
                <![CDATA[]]>
              </value>
            </param>
            <param index="11">
              <value>
                <![CDATA[]]>
              </value>
            </param>
            <param index="12">
              <value>
                <![CDATA[]]>
              </value>
            </param>
          </params>
          <exception class="org.openqa.selenium.InvalidArgumentException">
            <message>
              <![CDATA[invalid argument
  (Session info: chrome=91.0.4472.77)
Build info: version: '3.11.0', revision: 'e59cfb3', time: '2018-03-11T20:33:15.31Z'
System info: host: 'INH-LT11', ip: '192.168.56.1', os.name: 'Windows 10', os.arch: 'amd64', os.version: '10.0', java.version: '1.8.0_231'
Driver info: org.openqa.selenium.chrome.ChromeDriver
Capabilities {acceptInsecureCerts: false, browserName: chrome, browserVersion: 91.0.4472.77, chrome: {chromedriverVersion: 90.0.4430.24 (4c6d850f087da..., userDataDir: C:\Users\vpamuri\AppData\Lo...}, goog:chromeOptions: {debuggerAddress: localhost:62045}, javascriptEnabled: true, networkConnectionEnabled: false, pageLoadStrategy: normal, platform: WINDOWS, platformName: WINDOWS, proxy: Proxy(), setWindowRect: true, strictFileInteractability: false, timeouts: {implicit: 0, pageLoad: 300000, script: 30000}, unhandledPromptBehavior: dismiss and notify, webauthn:extension:largeBlob: true, webauthn:virtualAuthenticators: true}
Session ID: a2809b419499912c40627ba4223885f5]]>
            </message>
            <full-stacktrace>
              <![CDATA[org.openqa.selenium.InvalidArgumentException: invalid argument
  (Session info: chrome=91.0.4472.77)
Build info: version: '3.11.0', revision: 'e59cfb3', time: '2018-03-11T20:33:15.31Z'
System info: host: 'INH-LT11', ip: '192.168.56.1', os.name: 'Windows 10', os.arch: 'amd64', os.version: '10.0', java.version: '1.8.0_231'
Driver info: org.openqa.selenium.chrome.ChromeDriver
Capabilities {acceptInsecureCerts: false, browserName: chrome, browserVersion: 91.0.4472.77, chrome: {chromedriverVersion: 90.0.4430.24 (4c6d850f087da..., userDataDir: C:\Users\vpamuri\AppData\Lo...}, goog:chromeOptions: {debuggerAddress: localhost:62045}, javascriptEnabled: true, networkConnectionEnabled: false, pageLoadStrategy: normal, platform: WINDOWS, platformName: WINDOWS, proxy: Proxy(), setWindowRect: true, strictFileInteractability: false, timeouts: {implicit: 0, pageLoad: 300000, script: 30000}, unhandledPromptBehavior: dismiss and notify, webauthn:extension:largeBlob: true, webauthn:virtualAuthenticators: true}
Session ID: a2809b419499912c40627ba4223885f5
	at sun.reflect.NativeConstructorAccessorImpl.newInstance0(Native Method)
	at sun.reflect.NativeConstructorAccessorImpl.newInstance(Unknown Source)
	at sun.reflect.DelegatingConstructorAccessorImpl.newInstance(Unknown Source)
	at java.lang.reflect.Constructor.newInstance(Unknown Source)
	at org.openqa.selenium.remote.http.W3CHttpResponseCodec.createException(W3CHttpResponseCodec.java:187)
	at org.openqa.selenium.remote.http.W3CHttpResponseCodec.decode(W3CHttpResponseCodec.java:122)
	at org.openqa.selenium.remote.http.W3CHttpResponseCodec.decode(W3CHttpResponseCodec.java:49)
	at org.openqa.selenium.remote.HttpCommandExecutor.execute(HttpCommandExecutor.java:158)
	at org.openqa.selenium.remote.service.DriverCommandExecutor.execute(DriverCommandExecutor.java:83)
	at org.openqa.selenium.remote.RemoteWebDriver.execute(RemoteWebDriver.java:545)
	at org.openqa.selenium.remote.RemoteWebDriver.get(RemoteWebDriver.java:273)
	at PageObjects.LaunchURL_Page.enter_URL_field(LaunchURL_Page.java:48)
	at testsuite.Node_Activity__UpdateContractRateDetails.test(Node_Activity__UpdateContractRateDetails.java:89)
	at sun.reflect.NativeMethodAccessorImpl.invoke0(Native Method)
	at sun.reflect.NativeMethodAccessorImpl.invoke(Unknown Source)
	at sun.reflect.DelegatingMethodAccessorImpl.invoke(Unknown Source)
	at java.lang.reflect.Method.invoke(Unknown Source)
	at org.testng.internal.MethodInvocationHelper.invokeMethod(MethodInvocationHelper.java:85)
	at org.testng.internal.Invoker.invokeMethod(Invoker.java:639)
	at org.testng.internal.Invoker.invokeTestMethod(Invoker.java:816)
	at org.testng.internal.Invoker.invokeTestMethods(Invoker.java:1124)
	at org.testng.internal.TestMethodWorker.invokeTestMethods(TestMethodWorker.java:125)
	at org.testng.internal.TestMethodWorker.run(TestMethodWorker.java:108)
	at org.testng.TestRunner.privateRun(TestRunner.java:774)
	at org.testng.TestRunner.run(TestRunner.java:624)
	at org.testng.SuiteRunner.runTest(SuiteRunner.java:359)
	at org.testng.SuiteRunner.runSequentially(SuiteRunner.java:354)
	at org.testng.SuiteRunner.privateRun(SuiteRunner.java:312)
	at org.testng.SuiteRunner.run(SuiteRunner.java:261)
	at org.testng.SuiteRunnerWorker.runSuite(SuiteRunnerWorker.java:52)
	at org.testng.SuiteRunnerWorker.run(SuiteRunnerWorker.java:86)
	at org.testng.TestNG.runSuitesSequentially(TestNG.java:1215)
	at org.testng.TestNG.runSuitesLocally(TestNG.java:1140)
	at org.testng.TestNG.run(TestNG.java:1048)
	at org.testng.remote.AbstractRemoteTestNG.run(AbstractRemoteTestNG.java:115)
	at org.testng.remote.RemoteTestNG.initAndRun(RemoteTestNG.java:251)
	at org.testng.remote.RemoteTestNG.main(RemoteTestNG.java:77)
]]>
            </full-stacktrace>
          </exception> <!-- org.openqa.selenium.InvalidArgumentException -->
          <reporter-output>
            <line>
              <![CDATA[Step - 1- Perform LaunchURL Action]]>
            </line>
          </reporter-output>
        </test-method> <!-- test -->
        <test-method status="FAIL" signature="test(java.lang.String, java.lang.String, java.lang.String, java.lang.String, java.lang.String, java.lang.String, java.lang.String, java.lang.String, java.lang.String, java.lang.String, java.lang.String, java.lang.String, java.lang.String)[pri:0, instance:testsuite.Node_Activity__UpdateContractRateDetails@1b083826]" name="test" duration-ms="12" started-at="2021-07-01T16:38:32Z" data-provider="TestData" finished-at="2021-07-01T16:38:32Z">
          <params>
            <param index="0">
              <value>
                <![CDATA[]]>
              </value>
            </param>
            <param index="1">
              <value>
                <![CDATA[]]>
              </value>
            </param>
            <param index="2">
              <value>
                <![CDATA[]]>
              </value>
            </param>
            <param index="3">
              <value>
                <![CDATA[]]>
              </value>
            </param>
            <param index="4">
              <value>
                <![CDATA[]]>
              </value>
            </param>
            <param index="5">
              <value>
                <![CDATA[]]>
              </value>
            </param>
            <param index="6">
              <value>
                <![CDATA[]]>
              </value>
            </param>
            <param index="7">
              <value>
                <![CDATA[]]>
              </value>
            </param>
            <param index="8">
              <value>
                <![CDATA[]]>
              </value>
            </param>
            <param index="9">
              <value>
                <![CDATA[]]>
              </value>
            </param>
            <param index="10">
              <value>
                <![CDATA[]]>
              </value>
            </param>
            <param index="11">
              <value>
                <![CDATA[]]>
              </value>
            </param>
            <param index="12">
              <value>
                <![CDATA[]]>
              </value>
            </param>
          </params>
          <exception class="org.openqa.selenium.InvalidArgumentException">
            <message>
              <![CDATA[invalid argument
  (Session info: chrome=91.0.4472.77)
Build info: version: '3.11.0', revision: 'e59cfb3', time: '2018-03-11T20:33:15.31Z'
System info: host: 'INH-LT11', ip: '192.168.56.1', os.name: 'Windows 10', os.arch: 'amd64', os.version: '10.0', java.version: '1.8.0_231'
Driver info: org.openqa.selenium.chrome.ChromeDriver
Capabilities {acceptInsecureCerts: false, browserName: chrome, browserVersion: 91.0.4472.77, chrome: {chromedriverVersion: 90.0.4430.24 (4c6d850f087da..., userDataDir: C:\Users\vpamuri\AppData\Lo...}, goog:chromeOptions: {debuggerAddress: localhost:62045}, javascriptEnabled: true, networkConnectionEnabled: false, pageLoadStrategy: normal, platform: WINDOWS, platformName: WINDOWS, proxy: Proxy(), setWindowRect: true, strictFileInteractability: false, timeouts: {implicit: 0, pageLoad: 300000, script: 30000}, unhandledPromptBehavior: dismiss and notify, webauthn:extension:largeBlob: true, webauthn:virtualAuthenticators: true}
Session ID: a2809b419499912c40627ba4223885f5]]>
            </message>
            <full-stacktrace>
              <![CDATA[org.openqa.selenium.InvalidArgumentException: invalid argument
  (Session info: chrome=91.0.4472.77)
Build info: version: '3.11.0', revision: 'e59cfb3', time: '2018-03-11T20:33:15.31Z'
System info: host: 'INH-LT11', ip: '192.168.56.1', os.name: 'Windows 10', os.arch: 'amd64', os.version: '10.0', java.version: '1.8.0_231'
Driver info: org.openqa.selenium.chrome.ChromeDriver
Capabilities {acceptInsecureCerts: false, browserName: chrome, browserVersion: 91.0.4472.77, chrome: {chromedriverVersion: 90.0.4430.24 (4c6d850f087da..., userDataDir: C:\Users\vpamuri\AppData\Lo...}, goog:chromeOptions: {debuggerAddress: localhost:62045}, javascriptEnabled: true, networkConnectionEnabled: false, pageLoadStrategy: normal, platform: WINDOWS, platformName: WINDOWS, proxy: Proxy(), setWindowRect: true, strictFileInteractability: false, timeouts: {implicit: 0, pageLoad: 300000, script: 30000}, unhandledPromptBehavior: dismiss and notify, webauthn:extension:largeBlob: true, webauthn:virtualAuthenticators: true}
Session ID: a2809b419499912c40627ba4223885f5
	at sun.reflect.NativeConstructorAccessorImpl.newInstance0(Native Method)
	at sun.reflect.NativeConstructorAccessorImpl.newInstance(Unknown Source)
	at sun.reflect.DelegatingConstructorAccessorImpl.newInstance(Unknown Source)
	at java.lang.reflect.Constructor.newInstance(Unknown Source)
	at org.openqa.selenium.remote.http.W3CHttpResponseCodec.createException(W3CHttpResponseCodec.java:187)
	at org.openqa.selenium.remote.http.W3CHttpResponseCodec.decode(W3CHttpResponseCodec.java:122)
	at org.openqa.selenium.remote.http.W3CHttpResponseCodec.decode(W3CHttpResponseCodec.java:49)
	at org.openqa.selenium.remote.HttpCommandExecutor.execute(HttpCommandExecutor.java:158)
	at org.openqa.selenium.remote.service.DriverCommandExecutor.execute(DriverCommandExecutor.java:83)
	at org.openqa.selenium.remote.RemoteWebDriver.execute(RemoteWebDriver.java:545)
	at org.openqa.selenium.remote.RemoteWebDriver.get(RemoteWebDriver.java:273)
	at PageObjects.LaunchURL_Page.enter_URL_field(LaunchURL_Page.java:48)
	at testsuite.Node_Activity__UpdateContractRateDetails.test(Node_Activity__UpdateContractRateDetails.java:89)
	at sun.reflect.NativeMethodAccessorImpl.invoke0(Native Method)
	at sun.reflect.NativeMethodAccessorImpl.invoke(Unknown Source)
	at sun.reflect.DelegatingMethodAccessorImpl.invoke(Unknown Source)
	at java.lang.reflect.Method.invoke(Unknown Source)
	at org.testng.internal.MethodInvocationHelper.invokeMethod(MethodInvocationHelper.java:85)
	at org.testng.internal.Invoker.invokeMethod(Invoker.java:639)
	at org.testng.internal.Invoker.invokeTestMethod(Invoker.java:816)
	at org.testng.internal.Invoker.invokeTestMethods(Invoker.java:1124)
	at org.testng.internal.TestMethodWorker.invokeTestMethods(TestMethodWorker.java:125)
	at org.testng.internal.TestMethodWorker.run(TestMethodWorker.java:108)
	at org.testng.TestRunner.privateRun(TestRunner.java:774)
	at org.testng.TestRunner.run(TestRunner.java:624)
	at org.testng.SuiteRunner.runTest(SuiteRunner.java:359)
	at org.testng.SuiteRunner.runSequentially(SuiteRunner.java:354)
	at org.testng.SuiteRunner.privateRun(SuiteRunner.java:312)
	at org.testng.SuiteRunner.run(SuiteRunner.java:261)
	at org.testng.SuiteRunnerWorker.runSuite(SuiteRunnerWorker.java:52)
	at org.testng.SuiteRunnerWorker.run(SuiteRunnerWorker.java:86)
	at org.testng.TestNG.runSuitesSequentially(TestNG.java:1215)
	at org.testng.TestNG.runSuitesLocally(TestNG.java:1140)
	at org.testng.TestNG.run(TestNG.java:1048)
	at org.testng.remote.AbstractRemoteTestNG.run(AbstractRemoteTestNG.java:115)
	at org.testng.remote.RemoteTestNG.initAndRun(RemoteTestNG.java:251)
	at org.testng.remote.RemoteTestNG.main(RemoteTestNG.java:77)
]]>
            </full-stacktrace>
          </exception> <!-- org.openqa.selenium.InvalidArgumentException -->
          <reporter-output>
            <line>
              <![CDATA[Step - 1- Perform LaunchURL Action]]>
            </line>
          </reporter-output>
        </test-method> <!-- test -->
        <test-method status="FAIL" signature="test(java.lang.String, java.lang.String, java.lang.String, java.lang.String, java.lang.String, java.lang.String, java.lang.String, java.lang.String, java.lang.String, java.lang.String, java.lang.String, java.lang.String, java.lang.String)[pri:0, instance:testsuite.Node_Activity__UpdateContractRateDetails@1b083826]" name="test" duration-ms="13" started-at="2021-07-01T16:38:32Z" data-provider="TestData" finished-at="2021-07-01T16:38:32Z">
          <params>
            <param index="0">
              <value>
                <![CDATA[]]>
              </value>
            </param>
            <param index="1">
              <value>
                <![CDATA[]]>
              </value>
            </param>
            <param index="2">
              <value>
                <![CDATA[]]>
              </value>
            </param>
            <param index="3">
              <value>
                <![CDATA[]]>
              </value>
            </param>
            <param index="4">
              <value>
                <![CDATA[]]>
              </value>
            </param>
            <param index="5">
              <value>
                <![CDATA[]]>
              </value>
            </param>
            <param index="6">
              <value>
                <![CDATA[]]>
              </value>
            </param>
            <param index="7">
              <value>
                <![CDATA[]]>
              </value>
            </param>
            <param index="8">
              <value>
                <![CDATA[]]>
              </value>
            </param>
            <param index="9">
              <value>
                <![CDATA[]]>
              </value>
            </param>
            <param index="10">
              <value>
                <![CDATA[]]>
              </value>
            </param>
            <param index="11">
              <value>
                <![CDATA[]]>
              </value>
            </param>
            <param index="12">
              <value>
                <![CDATA[]]>
              </value>
            </param>
          </params>
          <exception class="org.openqa.selenium.InvalidArgumentException">
            <message>
              <![CDATA[invalid argument
  (Session info: chrome=91.0.4472.77)
Build info: version: '3.11.0', revision: 'e59cfb3', time: '2018-03-11T20:33:15.31Z'
System info: host: 'INH-LT11', ip: '192.168.56.1', os.name: 'Windows 10', os.arch: 'amd64', os.version: '10.0', java.version: '1.8.0_231'
Driver info: org.openqa.selenium.chrome.ChromeDriver
Capabilities {acceptInsecureCerts: false, browserName: chrome, browserVersion: 91.0.4472.77, chrome: {chromedriverVersion: 90.0.4430.24 (4c6d850f087da..., userDataDir: C:\Users\vpamuri\AppData\Lo...}, goog:chromeOptions: {debuggerAddress: localhost:62045}, javascriptEnabled: true, networkConnectionEnabled: false, pageLoadStrategy: normal, platform: WINDOWS, platformName: WINDOWS, proxy: Proxy(), setWindowRect: true, strictFileInteractability: false, timeouts: {implicit: 0, pageLoad: 300000, script: 30000}, unhandledPromptBehavior: dismiss and notify, webauthn:extension:largeBlob: true, webauthn:virtualAuthenticators: true}
Session ID: a2809b419499912c40627ba4223885f5]]>
            </message>
            <full-stacktrace>
              <![CDATA[org.openqa.selenium.InvalidArgumentException: invalid argument
  (Session info: chrome=91.0.4472.77)
Build info: version: '3.11.0', revision: 'e59cfb3', time: '2018-03-11T20:33:15.31Z'
System info: host: 'INH-LT11', ip: '192.168.56.1', os.name: 'Windows 10', os.arch: 'amd64', os.version: '10.0', java.version: '1.8.0_231'
Driver info: org.openqa.selenium.chrome.ChromeDriver
Capabilities {acceptInsecureCerts: false, browserName: chrome, browserVersion: 91.0.4472.77, chrome: {chromedriverVersion: 90.0.4430.24 (4c6d850f087da..., userDataDir: C:\Users\vpamuri\AppData\Lo...}, goog:chromeOptions: {debuggerAddress: localhost:62045}, javascriptEnabled: true, networkConnectionEnabled: false, pageLoadStrategy: normal, platform: WINDOWS, platformName: WINDOWS, proxy: Proxy(), setWindowRect: true, strictFileInteractability: false, timeouts: {implicit: 0, pageLoad: 300000, script: 30000}, unhandledPromptBehavior: dismiss and notify, webauthn:extension:largeBlob: true, webauthn:virtualAuthenticators: true}
Session ID: a2809b419499912c40627ba4223885f5
	at sun.reflect.NativeConstructorAccessorImpl.newInstance0(Native Method)
	at sun.reflect.NativeConstructorAccessorImpl.newInstance(Unknown Source)
	at sun.reflect.DelegatingConstructorAccessorImpl.newInstance(Unknown Source)
	at java.lang.reflect.Constructor.newInstance(Unknown Source)
	at org.openqa.selenium.remote.http.W3CHttpResponseCodec.createException(W3CHttpResponseCodec.java:187)
	at org.openqa.selenium.remote.http.W3CHttpResponseCodec.decode(W3CHttpResponseCodec.java:122)
	at org.openqa.selenium.remote.http.W3CHttpResponseCodec.decode(W3CHttpResponseCodec.java:49)
	at org.openqa.selenium.remote.HttpCommandExecutor.execute(HttpCommandExecutor.java:158)
	at org.openqa.selenium.remote.service.DriverCommandExecutor.execute(DriverCommandExecutor.java:83)
	at org.openqa.selenium.remote.RemoteWebDriver.execute(RemoteWebDriver.java:545)
	at org.openqa.selenium.remote.RemoteWebDriver.get(RemoteWebDriver.java:273)
	at PageObjects.LaunchURL_Page.enter_URL_field(LaunchURL_Page.java:48)
	at testsuite.Node_Activity__UpdateContractRateDetails.test(Node_Activity__UpdateContractRateDetails.java:89)
	at sun.reflect.NativeMethodAccessorImpl.invoke0(Native Method)
	at sun.reflect.NativeMethodAccessorImpl.invoke(Unknown Source)
	at sun.reflect.DelegatingMethodAccessorImpl.invoke(Unknown Source)
	at java.lang.reflect.Method.invoke(Unknown Source)
	at org.testng.internal.MethodInvocationHelper.invokeMethod(MethodInvocationHelper.java:85)
	at org.testng.internal.Invoker.invokeMethod(Invoker.java:639)
	at org.testng.internal.Invoker.invokeTestMethod(Invoker.java:816)
	at org.testng.internal.Invoker.invokeTestMethods(Invoker.java:1124)
	at org.testng.internal.TestMethodWorker.invokeTestMethods(TestMethodWorker.java:125)
	at org.testng.internal.TestMethodWorker.run(TestMethodWorker.java:108)
	at org.testng.TestRunner.privateRun(TestRunner.java:774)
	at org.testng.TestRunner.run(TestRunner.java:624)
	at org.testng.SuiteRunner.runTest(SuiteRunner.java:359)
	at org.testng.SuiteRunner.runSequentially(SuiteRunner.java:354)
	at org.testng.SuiteRunner.privateRun(SuiteRunner.java:312)
	at org.testng.SuiteRunner.run(SuiteRunner.java:261)
	at org.testng.SuiteRunnerWorker.runSuite(SuiteRunnerWorker.java:52)
	at org.testng.SuiteRunnerWorker.run(SuiteRunnerWorker.java:86)
	at org.testng.TestNG.runSuitesSequentially(TestNG.java:1215)
	at org.testng.TestNG.runSuitesLocally(TestNG.java:1140)
	at org.testng.TestNG.run(TestNG.java:1048)
	at org.testng.remote.AbstractRemoteTestNG.run(AbstractRemoteTestNG.java:115)
	at org.testng.remote.RemoteTestNG.initAndRun(RemoteTestNG.java:251)
	at org.testng.remote.RemoteTestNG.main(RemoteTestNG.java:77)
]]>
            </full-stacktrace>
          </exception> <!-- org.openqa.selenium.InvalidArgumentException -->
          <reporter-output>
            <line>
              <![CDATA[Step - 1- Perform LaunchURL Action]]>
            </line>
          </reporter-output>
        </test-method> <!-- test -->
        <test-method status="PASS" signature="export()[pri:0, instance:testsuite.Node_Activity__UpdateContractRateDetails@1b083826]" name="export" is-config="true" duration-ms="5" started-at="2021-07-01T16:38:32Z" finished-at="2021-07-01T16:38:32Z">
          <reporter-output>
          </reporter-output>
        </test-method> <!-- export -->
      </class> <!-- testsuite.Node_Activity__UpdateContractRateDetails -->
    </test> <!-- Default test -->
  </suite> <!-- Default suite -->
</testng-results>
